2020-12-15 00:24:55.370  INFO 9252 --- [restartedMain] c.c.e.EmployeePayrollSpringApplication   : Starting EmployeePayrollSpringApplication using Java 13.0.2 on LAPTOP-F4J8SDAU with PID 9252 (D:\javaworkspace\EmployeePayrollSpring\target\classes started by ARIJIT DEY in D:\javaworkspace\EmployeePayrollSpring)
2020-12-15 00:24:55.382  INFO 9252 --- [restartedMain] c.c.e.EmployeePayrollSpringApplication   : The following profiles are active: dev
2020-12-15 00:24:55.593  INFO 9252 --- [restartedMain] .e.DevToolsPropertyDefaultsPostProcessor : Devtools property defaults active! Set 'spring.devtools.add-properties' to 'false' to disable
2020-12-15 00:24:55.594  INFO 9252 --- [restartedMain] .e.DevToolsPropertyDefaultsPostProcessor : For additional web related logging consider setting the 'logging.level.web' property to 'DEBUG'
2020-12-15 00:24:57.230  INFO 9252 --- [restartedMain] .s.d.r.c.RepositoryConfigurationDelegate : Bootstrapping Spring Data JPA repositories in DEFERRED mode.
2020-12-15 00:24:57.298  INFO 9252 --- [restartedMain] .s.d.r.c.RepositoryConfigurationDelegate : Finished Spring Data repository scanning in 60 ms. Found 1 JPA repository interfaces.
2020-12-15 00:24:58.296  INFO 9252 --- [restartedMain] o.s.b.w.embedded.tomcat.TomcatWebServer  : Tomcat initialized with port(s): 8080 (http)
2020-12-15 00:24:58.306  INFO 9252 --- [restartedMain] o.apache.catalina.core.StandardService   : Starting service [Tomcat]
2020-12-15 00:24:58.307  INFO 9252 --- [restartedMain] org.apache.catalina.core.StandardEngine  : Starting Servlet engine: [Apache Tomcat/9.0.39]
2020-12-15 00:24:58.310  INFO 9252 --- [restartedMain] o.a.catalina.core.AprLifecycleListener   : Loaded Apache Tomcat Native library [1.2.25] using APR version [1.7.0].
2020-12-15 00:24:58.310  INFO 9252 --- [restartedMain] o.a.catalina.core.AprLifecycleListener   : APR capabilities: IPv6 [true], sendfile [true], accept filters [false], random [true].
2020-12-15 00:24:58.310  INFO 9252 --- [restartedMain] o.a.catalina.core.AprLifecycleListener   : APR/OpenSSL configuration: useAprConnector [false], useOpenSSL [true]
2020-12-15 00:24:58.316  INFO 9252 --- [restartedMain] o.a.catalina.core.AprLifecycleListener   : OpenSSL successfully initialized [OpenSSL 1.1.1g  21 Apr 2020]
2020-12-15 00:24:58.469  INFO 9252 --- [restartedMain] o.a.c.c.C.[Tomcat].[localhost].[/emp]    : Initializing Spring embedded WebApplicationContext
2020-12-15 00:24:58.469  INFO 9252 --- [restartedMain] w.s.c.ServletWebServerApplicationContext : Root WebApplicationContext: initialization completed in 2873 ms
2020-12-15 00:24:58.657  INFO 9252 --- [restartedMain] o.s.s.concurrent.ThreadPoolTaskExecutor  : Initializing ExecutorService 'applicationTaskExecutor'
2020-12-15 00:24:58.768  INFO 9252 --- [task-1] o.hibernate.jpa.internal.util.LogHelper  : HHH000204: Processing PersistenceUnitInfo [name: default]
2020-12-15 00:24:59.044  WARN 9252 --- [restartedMain] JpaBaseConfiguration$JpaWebConfiguration : spring.jpa.open-in-view is enabled by default. Therefore, database queries may be performed during view rendering. Explicitly configure spring.jpa.open-in-view to disable this warning
2020-12-15 00:24:59.066  INFO 9252 --- [task-1] org.hibernate.Version                    : HHH000412: Hibernate ORM core version 5.4.23.Final
2020-12-15 00:24:59.355  INFO 9252 --- [task-1] o.hibernate.annotations.common.Version   : HCANN000001: Hibernate Commons Annotations {5.1.2.Final}
2020-12-15 00:24:59.650  INFO 9252 --- [task-1] com.zaxxer.hikari.HikariDataSource       : HikariPool-1 - Starting...
2020-12-15 00:24:59.654  WARN 9252 --- [task-1] com.zaxxer.hikari.util.DriverDataSource  : Registered driver with driverClassName=com.mysql.jdbc.Driver was not found, trying direct instantiation.
2020-12-15 00:24:59.886  INFO 9252 --- [restartedMain] o.s.b.d.a.OptionalLiveReloadServer       : LiveReload server is running on port 35729
2020-12-15 00:24:59.914  INFO 9252 --- [task-1] com.zaxxer.hikari.HikariDataSource       : HikariPool-1 - Start completed.
2020-12-15 00:24:59.989  INFO 9252 --- [task-1] org.hibernate.dialect.Dialect            : HHH000400: Using dialect: org.hibernate.dialect.MySQL55Dialect
2020-12-15 00:25:00.643  INFO 9252 --- [restartedMain] o.s.b.w.embedded.tomcat.TomcatWebServer  : Tomcat started on port(s): 8080 (http) with context path '/emp'
2020-12-15 00:25:00.647  INFO 9252 --- [restartedMain] DeferredRepositoryInitializationListener : Triggering deferred initialization of Spring Data repositories…
2020-12-15 00:25:01.269  INFO 9252 --- [task-1] o.h.e.t.j.p.i.JtaPlatformInitiator       : HHH000490: Using JtaPlatform implementation: [org.hibernate.engine.transaction.jta.platform.internal.NoJtaPlatform]
2020-12-15 00:25:01.279  INFO 9252 --- [task-1] j.LocalContainerEntityManagerFactoryBean : Initialized JPA EntityManagerFactory for persistence unit 'default'
2020-12-15 00:25:01.476  INFO 9252 --- [restartedMain] DeferredRepositoryInitializationListener : Spring Data repositories initialized!
2020-12-15 00:25:01.487  INFO 9252 --- [restartedMain] c.c.e.EmployeePayrollSpringApplication   : Started EmployeePayrollSpringApplication in 6.935 seconds (JVM running for 9.032)
2020-12-15 00:25:01.491  INFO 9252 --- [restartedMain] c.c.e.EmployeePayrollSpringApplication   : emp spring app started
2020-12-15 00:25:58.603  INFO 9252 --- [http-nio-8080-exec-1] o.a.c.c.C.[Tomcat].[localhost].[/emp]    : Initializing Spring DispatcherServlet 'dispatcherServlet'
2020-12-15 00:25:58.603  INFO 9252 --- [http-nio-8080-exec-1] o.s.web.servlet.DispatcherServlet        : Initializing Servlet 'dispatcherServlet'
2020-12-15 00:25:58.604  INFO 9252 --- [http-nio-8080-exec-1] o.s.web.servlet.DispatcherServlet        : Completed initialization in 1 ms
2020-12-15 00:26:13.748  WARN 9252 --- [http-nio-8080-exec-4] .m.m.a.ExceptionHandlerExceptionResolver : Resolved [com.cg.empspringapp.exception.EmpPayrollException: employee not present]
2020-12-15 00:26:25.040  INFO 9252 --- [RMI TCP Connection(10)-127.0.0.1] inMXBeanRegistrar$SpringApplicationAdmin : Application shutdown requested.
2020-12-15 00:26:25.551  INFO 9252 --- [RMI TCP Connection(10)-127.0.0.1] j.LocalContainerEntityManagerFactoryBean : Closing JPA EntityManagerFactory for persistence unit 'default'
2020-12-15 00:26:25.555  INFO 9252 --- [RMI TCP Connection(10)-127.0.0.1] o.s.s.concurrent.ThreadPoolTaskExecutor  : Shutting down ExecutorService 'applicationTaskExecutor'
2020-12-15 00:26:25.557  INFO 9252 --- [RMI TCP Connection(10)-127.0.0.1] com.zaxxer.hikari.HikariDataSource       : HikariPool-1 - Shutdown initiated...
2020-12-15 00:26:25.571  INFO 9252 --- [RMI TCP Connection(10)-127.0.0.1] com.zaxxer.hikari.HikariDataSource       : HikariPool-1 - Shutdown completed.
